<?xml version="1.0" encoding="UTF-8"?>
<testng-results ignored="0" total="2" passed="2" failed="0" skipped="0">
  <reporter-output>
  </reporter-output>
  <suite started-at="2022-01-24T14:16:01 IST" name="Default suite" finished-at="2022-01-24T14:16:11 IST" duration-ms="9633">
    <groups>
    </groups>
    <test started-at="2022-01-24T14:16:01 IST" name="Default test" finished-at="2022-01-24T14:16:11 IST" duration-ms="9633">
      <class name="TC01_GET">
        <test-method signature="test_01()[pri:0, instance:TC01_GET@6b8ca3c8]" started-at="2022-01-24T14:16:01 IST" name="test_01" finished-at="2022-01-24T14:16:09 IST" duration-ms="8159" status="PASS">
          <reporter-output>
          </reporter-output>
        </test-method> <!-- test_01 -->
        <test-method signature="test_02()[pri:0, instance:TC01_GET@6b8ca3c8]" started-at="2022-01-24T14:16:09 IST" name="test_02" finished-at="2022-01-24T14:16:11 IST" duration-ms="1431" status="PASS">
          <reporter-output>
          </reporter-output>
        </test-method> <!-- test_02 -->
      </class> <!-- TC01_GET -->
    </test> <!-- Default test -->
  </suite> <!-- Default suite -->
</testng-results>
